<?xml version="1.0" encoding="UTF-8"?>
<!-- Generated by org.testng.reporters.JUnitReportReporter -->
<testsuite hostname="ATMECSINDT-012" failures="0" tests="1" name="com.atmecs.Base" time="67.554" errors="0" timestamp="2019-08-23T14:56:36 IST" skipped="0">
  <testcase classname="com.atmecs.Base" name="initialization" time="67.554"/>
</testsuite> <!-- com.atmecs.Base -->
